1615369959351:translate
1615369966466:translate test
1615369972770:translate tteesstt
1615372508697:translate hello
1615372587104:translate
1615372592007:translate aa
1615374237614:testOrder
1615374244519:runOrder
1615374249297:runorder
1615374288573:order
1615374710764:order 150000 ICICI
1615374722472:order 130000 ICICI
1615374731591:order 160000 ICICI
1615374750678:order 100 ICICI
1615374768164:order 15000 ICICI
1615391399855:create k1 offer.drl
1615391428698:create k2 offer2.drl
1615391450845:sessions
1615391471366:run k1 1500 ICICI
1615391496688:run k1 15000 ICICI
1615392005936:run k2 15000 ICICI
1615392236148:create k1
1615392252094:create k1 offer.drl
1615392271494:create k2 offer2.drl
1615392278901:sessions
1615392294064:run k1 15000 ICICI
1615392323734:run k2 15000 ICICI
1615459607624:create r1 offer.drl
1615459636709:sessions
1615459675286:run_order r1 ICICI 15000
1615459714527:run_order r1 15000 ICICI
1615459723720:run_order r1 ICICI 16000
1615459732418:run_order r1 ICICI 14000
1615459750921:run_order r1 16000 ICICI
